<?xml version="1.0" encoding="UTF-8"?>
<testsuite xmlns:xsi="http://www.w3.org/2001/XMLSchema-instance" xsi:noNamespaceSchemaLocation="https://maven.apache.org/surefire/maven-surefire-plugin/xsd/surefire-test-report-3.0.xsd" version="3.0" name="moscaTest" time="0.023" tests="3" errors="0" skipped="0" failures="0">
  <properties>
[...]
</properties>
  <testcase name="testDisplayVolar" classname="moscaTest" time="0.002">
    <system-out><![CDATA[Vuela sin perder una ala
]]></system-out>
  </testcase>
  <testcase name="testComer" classname="moscaTest" time="0.006">
    <system-out><![CDATA[Estoy comiendo hongos
]]></system-out>
  </testcase>
  <testcase name="testDisplayCaminar" classname="moscaTest" time="0.003">
    <system-out><![CDATA[Camina sin perder una pata
]]></system-out>
  </testcase>
</testsuite>